<?xml version="1.0" encoding="UTF-8"?>
<!-- Generated by org.testng.reporters.JUnitXMLReporter -->
<testsuite hostname="Naveens-MacBook-Air.local" name="Ebay Search Test1" tests="2" failures="0" timestamp="14 Mar 2017 11:25:54 GMT" time="26.097" errors="0">
  <testcase name="ebaySearch_LowerToHigherPriceTest" time="8.372" classname="com.qa.ebay.test.EbayTest"/>
  <testcase name="ebaySearch_HigherToLowerPriceTest" time="8.613" classname="com.qa.ebay.test.EbayTest"/>
</testsuite> <!-- Ebay Search Test1 -->
