<?xml version="1.0" encoding="UTF-8"?>
<!-- Generated by org.testng.reporters.JUnitXMLReporter -->
<testsuite hostname="Naveens-MacBook-Air.local" name="Ebay Search Test2" tests="2" failures="0" timestamp="14 Mar 2017 11:26:26 GMT" time="26.73" errors="0">
  <testcase name="ebaySearch_LowerToHigherPriceTest" time="9.208" classname="com.qa.ebay.test.EbayTest"/>
  <testcase name="ebaySearch_HigherToLowerPriceTest" time="9.097" classname="com.qa.ebay.test.EbayTest"/>
</testsuite> <!-- Ebay Search Test2 -->
