<?xml version="1.0" encoding="UTF-8"?>
<testng-results skipped="0" failed="0" total="4" passed="4">
  <reporter-output>
  </reporter-output>
  <suite name="Ebay Test Suite" duration-ms="57852" started-at="2017-03-14T11:25:23Z" finished-at="2017-03-14T11:26:21Z">
    <groups>
    </groups>
    <test name="Ebay Search Test1" duration-ms="26097" started-at="2017-03-14T11:25:23Z" finished-at="2017-03-14T11:25:49Z">
      <class name="com.qa.ebay.test.EbayTest">
        <test-method status="PASS" signature="setUp()[pri:0, instance:com.qa.ebay.test.EbayTest@544fe44c]" name="setUp" is-config="true" duration-ms="4911" started-at="2017-03-14T16:55:23Z" finished-at="2017-03-14T16:55:28Z">
          <reporter-output>
          </reporter-output>
        </test-method> <!-- setUp -->
        <test-method status="PASS" signature="ebaySearch_LowerToHigherPriceTest(java.lang.String, int)[pri:0, instance:com.qa.ebay.test.EbayTest@544fe44c]" name="ebaySearch_LowerToHigherPriceTest" duration-ms="8372" started-at="2017-03-14T16:55:28Z" finished-at="2017-03-14T16:55:36Z">
          <params>
            <param index="0">
              <value>
                <![CDATA[iPad]]>
              </value>
            </param>
            <param index="1">
              <value>
                <![CDATA[20]]>
              </value>
            </param>
          </params>
          <reporter-output>
          </reporter-output>
        </test-method> <!-- ebaySearch_LowerToHigherPriceTest -->
        <test-method status="PASS" signature="tearDown()[pri:0, instance:com.qa.ebay.test.EbayTest@544fe44c]" name="tearDown" is-config="true" duration-ms="93" started-at="2017-03-14T16:55:36Z" finished-at="2017-03-14T16:55:36Z">
          <reporter-output>
          </reporter-output>
        </test-method> <!-- tearDown -->
        <test-method status="PASS" signature="setUp()[pri:0, instance:com.qa.ebay.test.EbayTest@544fe44c]" name="setUp" is-config="true" duration-ms="3995" started-at="2017-03-14T16:55:36Z" finished-at="2017-03-14T16:55:40Z">
          <reporter-output>
          </reporter-output>
        </test-method> <!-- setUp -->
        <test-method status="PASS" signature="ebaySearch_HigherToLowerPriceTest(java.lang.String, int)[pri:0, instance:com.qa.ebay.test.EbayTest@544fe44c]" name="ebaySearch_HigherToLowerPriceTest" duration-ms="8613" started-at="2017-03-14T16:55:40Z" finished-at="2017-03-14T16:55:49Z">
          <params>
            <param index="0">
              <value>
                <![CDATA[iPad]]>
              </value>
            </param>
            <param index="1">
              <value>
                <![CDATA[20]]>
              </value>
            </param>
          </params>
          <reporter-output>
          </reporter-output>
        </test-method> <!-- ebaySearch_HigherToLowerPriceTest -->
        <test-method status="PASS" signature="tearDown()[pri:0, instance:com.qa.ebay.test.EbayTest@544fe44c]" name="tearDown" is-config="true" duration-ms="92" started-at="2017-03-14T16:55:49Z" finished-at="2017-03-14T16:55:49Z">
          <reporter-output>
          </reporter-output>
        </test-method> <!-- tearDown -->
      </class> <!-- com.qa.ebay.test.EbayTest -->
    </test> <!-- Ebay Search Test1 -->
    <test name="Ebay Search Test2" duration-ms="26730" started-at="2017-03-14T11:25:54Z" finished-at="2017-03-14T11:26:21Z">
      <class name="com.qa.ebay.test.EbayTest">
        <test-method status="PASS" signature="setUp()[pri:0, instance:com.qa.ebay.test.EbayTest@63753b6d]" name="setUp" is-config="true" duration-ms="4496" started-at="2017-03-14T16:55:54Z" finished-at="2017-03-14T16:55:58Z">
          <reporter-output>
          </reporter-output>
        </test-method> <!-- setUp -->
        <test-method status="PASS" signature="ebaySearch_LowerToHigherPriceTest(java.lang.String, int)[pri:0, instance:com.qa.ebay.test.EbayTest@63753b6d]" name="ebaySearch_LowerToHigherPriceTest" duration-ms="9208" started-at="2017-03-14T16:55:58Z" finished-at="2017-03-14T16:56:08Z">
          <params>
            <param index="0">
              <value>
                <![CDATA[iPhone]]>
              </value>
            </param>
            <param index="1">
              <value>
                <![CDATA[10]]>
              </value>
            </param>
          </params>
          <reporter-output>
          </reporter-output>
        </test-method> <!-- ebaySearch_LowerToHigherPriceTest -->
        <test-method status="PASS" signature="tearDown()[pri:0, instance:com.qa.ebay.test.EbayTest@63753b6d]" name="tearDown" is-config="true" duration-ms="91" started-at="2017-03-14T16:56:08Z" finished-at="2017-03-14T16:56:08Z">
          <reporter-output>
          </reporter-output>
        </test-method> <!-- tearDown -->
        <test-method status="PASS" signature="setUp()[pri:0, instance:com.qa.ebay.test.EbayTest@63753b6d]" name="setUp" is-config="true" duration-ms="3743" started-at="2017-03-14T16:56:08Z" finished-at="2017-03-14T16:56:11Z">
          <reporter-output>
          </reporter-output>
        </test-method> <!-- setUp -->
        <test-method status="PASS" signature="ebaySearch_HigherToLowerPriceTest(java.lang.String, int)[pri:0, instance:com.qa.ebay.test.EbayTest@63753b6d]" name="ebaySearch_HigherToLowerPriceTest" duration-ms="9097" started-at="2017-03-14T16:56:11Z" finished-at="2017-03-14T16:56:20Z">
          <params>
            <param index="0">
              <value>
                <![CDATA[iPhone]]>
              </value>
            </param>
            <param index="1">
              <value>
                <![CDATA[10]]>
              </value>
            </param>
          </params>
          <reporter-output>
          </reporter-output>
        </test-method> <!-- ebaySearch_HigherToLowerPriceTest -->
        <test-method status="PASS" signature="tearDown()[pri:0, instance:com.qa.ebay.test.EbayTest@63753b6d]" name="tearDown" is-config="true" duration-ms="92" started-at="2017-03-14T16:56:20Z" finished-at="2017-03-14T16:56:21Z">
          <reporter-output>
          </reporter-output>
        </test-method> <!-- tearDown -->
      </class> <!-- com.qa.ebay.test.EbayTest -->
    </test> <!-- Ebay Search Test2 -->
  </suite> <!-- Ebay Test Suite -->
</testng-results>
